time="2022-06-04 23:41:17" level=warning msg="Running on Ethereum Consensus Mainnet" prefix=flags
time="2022-06-04 23:41:17" level=error msg="There were some issues parsing the config from a yaml file" error="yaml: unmarshal errors:
  line 109: cannot unmarshal !!float `1157920...` into uint64"
time="2022-06-04 23:41:17" level=debug msg="Config file values: &{GenesisSlot:0 GenesisEpoch:0 FarFutureEpoch:18446744073709551615 FarFutureSlot:18446744073709551615 BaseRewardsPerEpoch:4 DepositContractTreeDepth:32 JustificationBitsLength:0 PresetBase:mainnet ConfigName:xxx TargetCommitteeSize:128 MaxValidatorsPerCommittee:2048 MaxCommitteesPerSlot:64 MinPerEpochChurnLimit:4 ChurnLimitQuotient:65536 ShuffleRoundCount:90 MinGenesisActiveValidatorCount:10 MinGenesisTime:1654386095 TargetAggregatorsPerCommittee:16 HysteresisQuotient:4 HysteresisDownwardMultiplier:1 HysteresisUpwardMultiplier:5 MinDepositAmount:1000000000 MaxEffectiveBalance:32000000000 EjectionBalance:16000000000 EffectiveBalanceIncrement:1000000000 BLSWithdrawalPrefixByte:0 ZeroHash:[0 0 0 0 0 0 0 0 0 0 0 0 0 0 0 0 0 0 0 0 0 0 0 0 0 0 0 0 0 0 0 0] GenesisDelay:10 MinAttestationInclusionDelay:1 SecondsPerSlot:3 SlotsPerEpoch:12 SqrRootSlotsPerEpoch:3 MinSeedLookahead:1 MaxSeedLookahead:4 EpochsPerEth1VotingPeriod:64 SlotsPerHistoricalRoot:8192 MinValidatorWithdrawabilityDelay:256 ShardCommitteePeriod:4 MinEpochsToInactivityPenalty:4 Eth1FollowDistance:1 SafeSlotsToUpdateJustified:8 SecondsPerETH1Block:1 DepositChainID:1337 DepositNetworkID:1337 DepositContractAddress:0xCD54F195948D047Ab7C833d450E30f753CB8Dc26 RandomSubnetsPerValidator:1 EpochsPerRandomSubnetSubscription:256 EpochsPerHistoricalVector:65536 EpochsPerSlashingsVector:8192 HistoricalRootsLimit:16777216 ValidatorRegistryLimit:1099511627776 BaseRewardFactor:64 WhistleBlowerRewardQuotient:512 ProposerRewardQuotient:8 InactivityPenaltyQuotient:16777216 MinSlashingPenaltyQuotient:32 ProportionalSlashingMultiplier:3 MaxProposerSlashings:16 MaxAttesterSlashings:2 MaxAttestations:128 MaxDeposits:16 MaxVoluntaryExits:16 DomainBeaconProposer:[0 0 0 0] DomainRandao:[2 0 0 0] DomainBeaconAttester:[1 0 0 0] DomainDeposit:[3 0 0 0] DomainVoluntaryExit:[4 0 0 0] DomainSelectionProof:[5 0 0 0] DomainAggregateAndProof:[6 0 0 0] DomainSyncCommittee:[7 0 0 0] DomainSyncCommitteeSelectionProof:[8 0 0 0] DomainContributionAndProof:[9 0 0 0] GweiPerEth:1000000000 BLSSecretKeyLength:32 BLSPubkeyLength:48 DefaultBufferSize:10000 ValidatorPrivkeyFileName:/validatorprivatekey WithdrawalPrivkeyFileName:/shardwithdrawalkey RPCSyncCheck:1ns EmptySignature:[0 0 0 0 0 0 0 0 0 0 0 0 0 0 0 0 0 0 0 0 0 0 0 0 0 0 0 0 0 0 0 0 0 0 0 0 0 0 0 0 0 0 0 0 0 0 0 0 0 0 0 0 0 0 0 0 0 0 0 0 0 0 0 0 0 0 0 0 0 0 0 0 0 0 0 0 0 0 0 0 0 0 0 0 0 0 0 0 0 0 0 0 0 0 0 0] DefaultPageSize:250 MaxPeersToSync:15 SlotsPerArchivedPoint:2048 GenesisCountdownInterval:1m0s BeaconStateFieldCount:21 BeaconStateAltairFieldCount:24 BeaconStateBellatrixFieldCount:25 WeakSubjectivityPeriod:54000 PruneSlasherStoragePeriod:10 SlashingProtectionPruningEpochs:512 GenesisForkVersion:[0 0 0 0] AltairForkVersion:[32 0 0 0] AltairForkEpoch:18446744073709551615 BellatrixForkVersion:[48 0 0 0] BellatrixForkEpoch:18446744073709551615 ShardingForkVersion:[3 0 0 0] ShardingForkEpoch:18446744073709551615 ForkVersionSchedule:map[[0 0 0 0]:0 [1 0 0 0]:74240 [2 0 0 0]:18446744073709551615] MinAnchorPowBlockDifficulty:4294967296 TransitionTotalDifficulty:0 SafetyDecay:10 TimelySourceFlagIndex:0 TimelyTargetFlagIndex:1 TimelyHeadFlagIndex:2 TimelySourceWeight:14 TimelyTargetWeight:26 TimelyHeadWeight:14 SyncRewardWeight:2 WeightDenominator:64 ProposerWeight:8 TargetAggregatorsPerSyncSubcommittee:16 SyncCommitteeSubnetCount:4 SyncCommitteeSize:512 InactivityScoreBias:4 InactivityScoreRecoveryRate:16 EpochsPerSyncCommitteePeriod:256 InactivityPenaltyQuotientAltair:50331648 MinSlashingPenaltyQuotientAltair:64 ProportionalSlashingMultiplierAltair:2 MinSlashingPenaltyQuotientMerge:32 ProportionalSlashingMultiplierMerge:3 InactivityPenaltyQuotientMerge:16777216 MinSyncCommitteeParticipants:1 TerminalBlockHash:0x0000000000000000000000000000000000000000000000000000000000000000 TerminalBlockHashActivationEpoch:18446744073709551615 TerminalTotalDifficulty:0 FeeRecipient:0x0000000000000000000000000000000000000000}"
time="2022-06-04 23:41:17" level=info msg="Checking DB" database-path="/data/eth2/beaconchaindata" prefix=node
time="2022-06-04 23:41:17" level=warning msg="Removing database" prefix=node
time="2022-06-04 23:41:17" level=info msg="Deposit contract: 0xcd54f195948d047ab7c833d450e30f753cb8dc26" prefix=node
time="2022-06-04 23:41:17" level=debug msg="ECDSA private key generated" prefix=p2p
time="2022-06-04 23:41:17" level=info msg="Waiting for state to be initialized" prefix=initial-sync
time="2022-06-04 23:41:17" level=info msg="Starting beacon node" prefix=node version="Prysm/v2.0.6/e26cde5e091befe0c777992734c37e7a1e6c53c2. Built at: 2022-01-25 21:28:32+00:00"
time="2022-06-04 23:41:17" level=debug msg="Starting 9 services: [*p2p.Service *powchain.Service *attestations.Service *blockchain.Service *initialsync.Service *sync.Service *rpc.Service *gateway.Gateway *prometheus.Service]" prefix=registry
time="2022-06-04 23:41:17" level=debug msg="Starting service type *p2p.Service" prefix=registry
time="2022-06-04 23:41:17" level=debug msg="Starting service type *powchain.Service" prefix=registry
time="2022-06-04 23:41:17" level=debug msg="Starting service type *attestations.Service" prefix=registry
time="2022-06-04 23:41:17" level=debug msg="Starting service type *blockchain.Service" prefix=registry
time="2022-06-04 23:41:17" level=debug msg="Starting service type *initialsync.Service" prefix=registry
time="2022-06-04 23:41:17" level=debug msg="Starting service type *sync.Service" prefix=registry
time="2022-06-04 23:41:17" level=debug msg="Starting service type *rpc.Service" prefix=registry
time="2022-06-04 23:41:17" level=debug msg="Starting service type *gateway.Gateway" prefix=registry
time="2022-06-04 23:41:17" level=debug msg="Starting service type *prometheus.Service" prefix=registry
time="2022-06-04 23:41:17" level=info msg="Waiting to reach the validator deposit threshold to start the beacon chain..." prefix=blockchain
time="2022-06-04 23:41:17" level=info msg="gRPC server listening on port" address="0.0.0.0:4001" prefix=rpc
time="2022-06-04 23:41:17" level=warning msg="You are using an insecure gRPC server. If you are running your beacon node and validator on the same machines, you can ignore this message. If you want to know how to enable secure connections, see: https://docs.prylabs.network/docs/prysm-usage/secure-grpc" prefix=rpc
time="2022-06-04 23:41:17" level=debug msg="Starting prometheus service" address="127.0.0.1:8080" prefix=prometheus
time="2022-06-04 23:41:17" level=info msg="Starting API middleware" prefix=gateway
time="2022-06-04 23:41:17" level=info msg="Starting gRPC gateway" address="0.0.0.0:7001" prefix=gateway
time="2022-06-04 23:41:17" level=info msg="Connected to eth1 proof-of-work chain" endpoint="http://127.0.0.1:8001" prefix=powchain
time="2022-06-04 23:41:18" level=debug msg="Latest eth1 chain event" blockHash=0xf70ee817ee429628e079f3246c6add025afcfb23072273aaece88335b884ac5a blockNumber=42 prefix=powchain
time="2022-06-04 23:41:19" level=info msg="gRPC client connected to beacon node" addr="127.0.0.1:50348" prefix=rpc
time="2022-06-04 23:41:19" level=debug msg="Latest eth1 chain event" blockHash=0x03bad2a7af89abe084e5c1d46231768ab0078be3a7d295b880f7c0770425a487 blockNumber=43 prefix=powchain
time="2022-06-04 23:41:20" level=debug msg="Latest eth1 chain event" blockHash=0x30f1658437ac98e57e0680b2aaa9892e746048da5b76680d0da906f8a679e209 blockNumber=44 prefix=powchain
time="2022-06-04 23:41:21" level=debug msg="Latest eth1 chain event" blockHash=0xb64123b0a6b73c96a109240c3d67328d29f465a73d6dd0ab1fe645efe0ed6567 blockNumber=45 prefix=powchain
time="2022-06-04 23:41:22" level=debug msg="Latest eth1 chain event" blockHash=0x858c2f0958da66423d02fa3cd7fb9f476fa099446422103fdd740a3ce7019301 blockNumber=46 prefix=powchain
time="2022-06-04 23:41:23" level=debug msg="Latest eth1 chain event" blockHash=0x33320cc9de30be58801639ac222a8e1ee5f8bc9fe7bc395b01399b86e8a8cad2 blockNumber=47 prefix=powchain
time="2022-06-04 23:41:24" level=debug msg="Latest eth1 chain event" blockHash=0xf7f7a2292abfff8ae427ee4328a16aae87fac8b186130cb6387a17fe2f8c256a blockNumber=48 prefix=powchain
